# JRE version: Java(TM) SE Runtime Environment (8.0_221-b11) (build 1.8.0_221-b11)
# Java VM: Java HotSpot(TM) 64-Bit Server VM (25.221-b11 mixed mode windows-amd64 compressed oops)
Heap:
 PSYoungGen      total 160768K, used 24339K [0x00000000d6200000, 0x00000000e0b80000, 0x0000000100000000)
  eden space 147968K, 11% used [0x00000000d6200000,0x00000000d7327fa8,0x00000000df280000)
  from space 12800K, 52% used [0x00000000df280000,0x00000000df91cf08,0x00000000dff00000)
  to   space 12288K, 0% used [0x00000000dff80000,0x00000000dff80000,0x00000000e0b80000)
 ParOldGen       total 79872K, used 21152K [0x0000000082600000, 0x0000000087400000, 0x00000000d6200000)
  object space 79872K, 26% used [0x0000000082600000,0x0000000083aa8168,0x0000000087400000)
 Metaspace       used 35676K, capacity 37458K, committed 37632K, reserved 1081344K
  class space    used 4941K, capacity 5277K, committed 5376K, reserved 1048576K
GC Heap History (10 events):
Event: 17.661 GC heap before
{Heap before GC invocations=9 (full 1):
 PSYoungGen      total 70144K, used 64839K [0x00000000d6200000, 0x00000000ddd00000, 0x0000000100000000)
  eden space 58368K, 100% used [0x00000000d6200000,0x00000000d9b00000,0x00000000d9b00000)
  from space 11776K, 54% used [0x00000000d9b00000,0x00000000da151e38,0x00000000da680000)
  to   space 11264K, 0% used [0x00000000dd200000,0x00000000dd200000,0x00000000ddd00000)
 ParOldGen       total 54784K, used 10653K [0x0000000082600000, 0x0000000085b80000, 0x00000000d6200000)
  object space 54784K, 19% used [0x0000000082600000,0x00000000830677c8,0x0000000085b80000)
 Metaspace       used 28541K, capacity 29654K, committed 29824K, reserved 1075200K
  class space    used 3948K, capacity 4187K, committed 4224K, reserved 1048576K
Event: 17.676 GC heap after
Heap after GC invocations=9 (full 1):
 PSYoungGen      total 113664K, used 8933K [0x00000000d6200000, 0x00000000ddd00000, 0x0000000100000000)
  eden space 102400K, 0% used [0x00000000d6200000,0x00000000d6200000,0x00000000dc600000)
  from space 11264K, 79% used [0x00000000dd200000,0x00000000ddab97a0,0x00000000ddd00000)
  to   space 11776K, 0% used [0x00000000dc600000,0x00000000dc600000,0x00000000dd180000)
 ParOldGen       total 54784K, used 10661K [0x0000000082600000, 0x0000000085b80000, 0x00000000d6200000)
  object space 54784K, 19% used [0x0000000082600000,0x00000000830697c8,0x0000000085b80000)
 Metaspace       used 28541K, capacity 29654K, committed 29824K, reserved 1075200K
  class space    used 3948K, capacity 4187K, committed 4224K, reserved 1048576K
}
Event: 18.859 GC heap before
{Heap before GC invocations=10 (full 1):
 PSYoungGen      total 113664K, used 111333K [0x00000000d6200000, 0x00000000ddd00000, 0x0000000100000000)
  eden space 102400K, 100% used [0x00000000d6200000,0x00000000dc600000,0x00000000dc600000)
  from space 11264K, 79% used [0x00000000dd200000,0x00000000ddab97a0,0x00000000ddd00000)
  to   space 11776K, 0% used [0x00000000dc600000,0x00000000dc600000,0x00000000dd180000)
 ParOldGen       total 54784K, used 10661K [0x0000000082600000, 0x0000000085b80000, 0x00000000d6200000)
  object space 54784K, 19% used [0x0000000082600000,0x00000000830697c8,0x0000000085b80000)
 Metaspace       used 32457K, capacity 33898K, committed 34176K, reserved 1079296K
  class space    used 4410K, capacity 4709K, committed 4736K, reserved 1048576K
Event: 18.877 GC heap after
Heap after GC invocations=10 (full 1):
 PSYoungGen      total 114176K, used 10600K [0x00000000d6200000, 0x00000000e0c80000, 0x0000000100000000)
  eden space 102400K, 0% used [0x00000000d6200000,0x00000000d6200000,0x00000000dc600000)
  from space 11776K, 90% used [0x00000000dc600000,0x00000000dd05a030,0x00000000dd180000)
  to   space 13312K, 0% used [0x00000000dff80000,0x00000000dff80000,0x00000000e0c80000)
 ParOldGen       total 54784K, used 12414K [0x0000000082600000, 0x0000000085b80000, 0x00000000d6200000)
  object space 54784K, 22% used [0x0000000082600000,0x000000008321f818,0x0000000085b80000)
 Metaspace       used 32457K, capacity 33898K, committed 34176K, reserved 1079296K
  class space    used 4410K, capacity 4709K, committed 4736K, reserved 1048576K
}
Event: 20.112 GC heap before
{Heap before GC invocations=11 (full 1):
 PSYoungGen      total 114176K, used 81997K [0x00000000d6200000, 0x00000000e0c80000, 0x0000000100000000)
  eden space 102400K, 69% used [0x00000000d6200000,0x00000000da7b95d0,0x00000000dc600000)
  from space 11776K, 90% used [0x00000000dc600000,0x00000000dd05a030,0x00000000dd180000)
  to   space 13312K, 0% used [0x00000000dff80000,0x00000000dff80000,0x00000000e0c80000)
 ParOldGen       total 54784K, used 12414K [0x0000000082600000, 0x0000000085b80000, 0x00000000d6200000)
  object space 54784K, 22% used [0x0000000082600000,0x000000008321f818,0x0000000085b80000)
 Metaspace       used 33813K, capacity 35398K, committed 35456K, reserved 1079296K
  class space    used 4644K, capacity 4961K, committed 4992K, reserved 1048576K
Event: 20.138 GC heap after
Heap after GC invocations=11 (full 1):
 PSYoungGen      total 160256K, used 7075K [0x00000000d6200000, 0x00000000e0b80000, 0x0000000100000000)
  eden space 147968K, 0% used [0x00000000d6200000,0x00000000d6200000,0x00000000df280000)
  from space 12288K, 57% used [0x00000000dff80000,0x00000000e0668e40,0x00000000e0b80000)
  to   space 12800K, 0% used [0x00000000df280000,0x00000000df280000,0x00000000dff00000)
 ParOldGen       total 54784K, used 16359K [0x0000000082600000, 0x0000000085b80000, 0x00000000d6200000)
  object space 54784K, 29% used [0x0000000082600000,0x00000000835f9c68,0x0000000085b80000)
 Metaspace       used 33813K, capacity 35398K, committed 35456K, reserved 1079296K
  class space    used 4644K, capacity 4961K, committed 4992K, reserved 1048576K
}
Event: 20.138 GC heap before
{Heap before GC invocations=12 (full 2):
 PSYoungGen      total 160256K, used 7075K [0x00000000d6200000, 0x00000000e0b80000, 0x0000000100000000)
  eden space 147968K, 0% used [0x00000000d6200000,0x00000000d6200000,0x00000000df280000)
  from space 12288K, 57% used [0x00000000dff80000,0x00000000e0668e40,0x00000000e0b80000)
  to   space 12800K, 0% used [0x00000000df280000,0x00000000df280000,0x00000000dff00000)
 ParOldGen       total 54784K, used 16359K [0x0000000082600000, 0x0000000085b80000, 0x00000000d6200000)
  object space 54784K, 29% used [0x0000000082600000,0x00000000835f9c68,0x0000000085b80000)
 Metaspace       used 33813K, capacity 35398K, committed 35456K, reserved 1079296K
  class space    used 4644K, capacity 4961K, committed 4992K, reserved 1048576K
Event: 20.318 GC heap after
Heap after GC invocations=12 (full 2):
 PSYoungGen      total 160256K, used 0K [0x00000000d6200000, 0x00000000e0b80000, 0x0000000100000000)
  eden space 147968K, 0% used [0x00000000d6200000,0x00000000d6200000,0x00000000df280000)
  from space 12288K, 0% used [0x00000000dff80000,0x00000000dff80000,0x00000000e0b80000)
  to   space 12800K, 0% used [0x00000000df280000,0x00000000df280000,0x00000000dff00000)
 ParOldGen       total 79872K, used 21144K [0x0000000082600000, 0x0000000087400000, 0x00000000d6200000)
  object space 79872K, 26% used [0x0000000082600000,0x0000000083aa6168,0x0000000087400000)
 Metaspace       used 33813K, capacity 35398K, committed 35456K, reserved 1079296K
  class space    used 4644K, capacity 4961K, committed 4992K, reserved 1048576K
}
Event: 27.362 GC heap before
{Heap before GC invocations=13 (full 2):
 PSYoungGen      total 160256K, used 147968K [0x00000000d6200000, 0x00000000e0b80000, 0x0000000100000000)
  eden space 147968K, 100% used [0x00000000d6200000,0x00000000df280000,0x00000000df280000)
  from space 12288K, 0% used [0x00000000dff80000,0x00000000dff80000,0x00000000e0b80000)
  to   space 12800K, 0% used [0x00000000df280000,0x00000000df280000,0x00000000dff00000)
 ParOldGen       total 79872K, used 21144K [0x0000000082600000, 0x0000000087400000, 0x00000000d6200000)
  object space 79872K, 26% used [0x0000000082600000,0x0000000083aa6168,0x0000000087400000)
 Metaspace       used 35496K, capacity 37286K, committed 37504K, reserved 1081344K
  class space    used 4915K, capacity 5243K, committed 5248K, reserved 1048576K
Event: 27.401 GC heap after
Heap after GC invocations=13 (full 2):
 PSYoungGen      total 160768K, used 6771K [0x00000000d6200000, 0x00000000e0b80000, 0x0000000100000000)
  eden space 147968K, 0% used [0x00000000d6200000,0x00000000d6200000,0x00000000df280000)
  from space 12800K, 52% used [0x00000000df280000,0x00000000df91cf08,0x00000000dff00000)
  to   space 12288K, 0% used [0x00000000dff80000,0x00000000dff80000,0x00000000e0b80000)
 ParOldGen       total 79872K, used 21152K [0x0000000082600000, 0x0000000087400000, 0x00000000d6200000)
  object space 79872K, 26% used [0x0000000082600000,0x0000000083aa8168,0x0000000087400000)
 Metaspace       used 35496K, capacity 37286K, committed 37504K, reserved 1081344K
  class space    used 4915K, capacity 5243K, committed 5248K, reserved 1048576K
}

