# JRE version: Java(TM) SE Runtime Environment (8.0_221-b11) (build 1.8.0_221-b11)
# Java VM: Java HotSpot(TM) 64-Bit Server VM (25.221-b11 mixed mode windows-amd64 compressed oops)
Heap:
 PSYoungGen      total 389120K, used 104436K [0x00000000d6200000, 0x00000000ef900000, 0x0000000100000000)
  eden space 381440K, 25% used [0x00000000d6200000,0x00000000dc0ee318,0x00000000ed680000)
  from space 7680K, 94% used [0x00000000ef180000,0x00000000ef88edb0,0x00000000ef900000)
  to   space 16384K, 0% used [0x00000000ed900000,0x00000000ed900000,0x00000000ee900000)
 ParOldGen       total 81408K, used 30332K [0x0000000082600000, 0x0000000087580000, 0x00000000d6200000)
  object space 81408K, 37% used [0x0000000082600000,0x000000008439f3f8,0x0000000087580000)
 Metaspace       used 45454K, capacity 47990K, committed 48216K, reserved 1091584K
  class space    used 6311K, capacity 6780K, committed 6784K, reserved 1048576K
GC Heap History (10 events):
Event: 23.976 GC heap before
{Heap before GC invocations=10 (full 1):
 PSYoungGen      total 215040K, used 215014K [0x00000000d6200000, 0x00000000e4c80000, 0x0000000100000000)
  eden space 204288K, 100% used [0x00000000d6200000,0x00000000e2980000,0x00000000e2980000)
  from space 10752K, 99% used [0x00000000e3600000,0x00000000e40798b0,0x00000000e4080000)
  to   space 12800K, 0% used [0x00000000e2980000,0x00000000e2980000,0x00000000e3600000)
 ParOldGen       total 54272K, used 11289K [0x0000000082600000, 0x0000000085b00000, 0x00000000d6200000)
  object space 54272K, 20% used [0x0000000082600000,0x00000000831066b0,0x0000000085b00000)
 Metaspace       used 32921K, capacity 34528K, committed 34816K, reserved 1079296K
  class space    used 4482K, capacity 4824K, committed 4864K, reserved 1048576K
Event: 24.020 GC heap after
Heap after GC invocations=10 (full 1):
 PSYoungGen      total 217088K, used 12794K [0x00000000d6200000, 0x00000000e9c80000, 0x0000000100000000)
  eden space 204288K, 0% used [0x00000000d6200000,0x00000000d6200000,0x00000000e2980000)
  from space 12800K, 99% used [0x00000000e2980000,0x00000000e35feaa8,0x00000000e3600000)
  to   space 14848K, 0% used [0x00000000e8e00000,0x00000000e8e00000,0x00000000e9c80000)
 ParOldGen       total 54272K, used 13001K [0x0000000082600000, 0x0000000085b00000, 0x00000000d6200000)
  object space 54272K, 23% used [0x0000000082600000,0x00000000832b2490,0x0000000085b00000)
 Metaspace       used 32921K, capacity 34528K, committed 34816K, reserved 1079296K
  class space    used 4482K, capacity 4824K, committed 4864K, reserved 1048576K
}
Event: 24.562 GC heap before
{Heap before GC invocations=11 (full 1):
 PSYoungGen      total 217088K, used 34099K [0x00000000d6200000, 0x00000000e9c80000, 0x0000000100000000)
  eden space 204288K, 10% used [0x00000000d6200000,0x00000000d76ce4b8,0x00000000e2980000)
  from space 12800K, 99% used [0x00000000e2980000,0x00000000e35feaa8,0x00000000e3600000)
  to   space 14848K, 0% used [0x00000000e8e00000,0x00000000e8e00000,0x00000000e9c80000)
 ParOldGen       total 54272K, used 13001K [0x0000000082600000, 0x0000000085b00000, 0x00000000d6200000)
  object space 54272K, 23% used [0x0000000082600000,0x00000000832b2490,0x0000000085b00000)
 Metaspace       used 33742K, capacity 35342K, committed 35416K, reserved 1079296K
  class space    used 4593K, capacity 4923K, committed 4992K, reserved 1048576K
Event: 24.579 GC heap after
Heap after GC invocations=11 (full 1):
 PSYoungGen      total 307200K, used 5871K [0x00000000d6200000, 0x00000000ea400000, 0x0000000100000000)
  eden space 292352K, 0% used [0x00000000d6200000,0x00000000d6200000,0x00000000e7f80000)
  from space 14848K, 39% used [0x00000000e8e00000,0x00000000e93bbc60,0x00000000e9c80000)
  to   space 14848K, 0% used [0x00000000e7f80000,0x00000000e7f80000,0x00000000e8e00000)
 ParOldGen       total 54272K, used 19046K [0x0000000082600000, 0x0000000085b00000, 0x00000000d6200000)
  object space 54272K, 35% used [0x0000000082600000,0x00000000838999b8,0x0000000085b00000)
 Metaspace       used 33742K, capacity 35342K, committed 35416K, reserved 1079296K
  class space    used 4593K, capacity 4923K, committed 4992K, reserved 1048576K
}
Event: 24.580 GC heap before
{Heap before GC invocations=12 (full 2):
 PSYoungGen      total 307200K, used 5871K [0x00000000d6200000, 0x00000000ea400000, 0x0000000100000000)
  eden space 292352K, 0% used [0x00000000d6200000,0x00000000d6200000,0x00000000e7f80000)
  from space 14848K, 39% used [0x00000000e8e00000,0x00000000e93bbc60,0x00000000e9c80000)
  to   space 14848K, 0% used [0x00000000e7f80000,0x00000000e7f80000,0x00000000e8e00000)
 ParOldGen       total 54272K, used 19046K [0x0000000082600000, 0x0000000085b00000, 0x00000000d6200000)
  object space 54272K, 35% used [0x0000000082600000,0x00000000838999b8,0x0000000085b00000)
 Metaspace       used 33742K, capacity 35342K, committed 35416K, reserved 1079296K
  class space    used 4593K, capacity 4923K, committed 4992K, reserved 1048576K
Event: 24.815 GC heap after
Heap after GC invocations=12 (full 2):
 PSYoungGen      total 307200K, used 0K [0x00000000d6200000, 0x00000000ea400000, 0x0000000100000000)
  eden space 292352K, 0% used [0x00000000d6200000,0x00000000d6200000,0x00000000e7f80000)
  from space 14848K, 0% used [0x00000000e8e00000,0x00000000e8e00000,0x00000000e9c80000)
  to   space 14848K, 0% used [0x00000000e7f80000,0x00000000e7f80000,0x00000000e8e00000)
 ParOldGen       total 81408K, used 21201K [0x0000000082600000, 0x0000000087580000, 0x00000000d6200000)
  object space 81408K, 26% used [0x0000000082600000,0x0000000083ab4650,0x0000000087580000)
 Metaspace       used 33742K, capacity 35342K, committed 35416K, reserved 1079296K
  class space    used 4593K, capacity 4923K, committed 4992K, reserved 1048576K
}
Event: 39.616 GC heap before
{Heap before GC invocations=13 (full 2):
 PSYoungGen      total 307200K, used 292352K [0x00000000d6200000, 0x00000000ea400000, 0x0000000100000000)
  eden space 292352K, 100% used [0x00000000d6200000,0x00000000e7f80000,0x00000000e7f80000)
  from space 14848K, 0% used [0x00000000e8e00000,0x00000000e8e00000,0x00000000e9c80000)
  to   space 14848K, 0% used [0x00000000e7f80000,0x00000000e7f80000,0x00000000e8e00000)
 ParOldGen       total 81408K, used 21201K [0x0000000082600000, 0x0000000087580000, 0x00000000d6200000)
  object space 81408K, 26% used [0x0000000082600000,0x0000000083ab4650,0x0000000087580000)
 Metaspace       used 41608K, capacity 43898K, committed 44120K, reserved 1087488K
  class space    used 5753K, capacity 6173K, committed 6272K, reserved 1048576K
Event: 39.716 GC heap after
Heap after GC invocations=13 (full 2):
 PSYoungGen      total 307200K, used 14845K [0x00000000d6200000, 0x00000000f0200000, 0x0000000100000000)
  eden space 292352K, 0% used [0x00000000d6200000,0x00000000d6200000,0x00000000e7f80000)
  from space 14848K, 99% used [0x00000000e7f80000,0x00000000e8dff578,0x00000000e8e00000)
  to   space 16896K, 0% used [0x00000000ef180000,0x00000000ef180000,0x00000000f0200000)
 ParOldGen       total 81408K, used 21592K [0x0000000082600000, 0x0000000087580000, 0x00000000d6200000)
  object space 81408K, 26% used [0x0000000082600000,0x0000000083b163b8,0x0000000087580000)
 Metaspace       used 41608K, capacity 43898K, committed 44120K, reserved 1087488K
  class space    used 5753K, capacity 6173K, committed 6272K, reserved 1048576K
}
Event: 55.671 GC heap before
{Heap before GC invocations=14 (full 2):
 PSYoungGen      total 307200K, used 307197K [0x00000000d6200000, 0x00000000f0200000, 0x0000000100000000)
  eden space 292352K, 100% used [0x00000000d6200000,0x00000000e7f80000,0x00000000e7f80000)
  from space 14848K, 99% used [0x00000000e7f80000,0x00000000e8dff578,0x00000000e8e00000)
  to   space 16896K, 0% used [0x00000000ef180000,0x00000000ef180000,0x00000000f0200000)
 ParOldGen       total 81408K, used 21592K [0x0000000082600000, 0x0000000087580000, 0x00000000d6200000)
  object space 81408K, 26% used [0x0000000082600000,0x0000000083b163b8,0x0000000087580000)
 Metaspace       used 45305K, capacity 47850K, committed 47960K, reserved 1091584K
  class space    used 6282K, capacity 6738K, committed 6784K, reserved 1048576K
Event: 55.705 GC heap after
Heap after GC invocations=14 (full 2):
 PSYoungGen      total 389120K, used 7227K [0x00000000d6200000, 0x00000000ef900000, 0x0000000100000000)
  eden space 381440K, 0% used [0x00000000d6200000,0x00000000d6200000,0x00000000ed680000)
  from space 7680K, 94% used [0x00000000ef180000,0x00000000ef88edb0,0x00000000ef900000)
  to   space 16384K, 0% used [0x00000000ed900000,0x00000000ed900000,0x00000000ee900000)
 ParOldGen       total 81408K, used 30332K [0x0000000082600000, 0x0000000087580000, 0x00000000d6200000)
  object space 81408K, 37% used [0x0000000082600000,0x000000008439f3f8,0x0000000087580000)
 Metaspace       used 45305K, capacity 47850K, committed 47960K, reserved 1091584K
  class space    used 6282K, capacity 6738K, committed 6784K, reserved 1048576K
}

